Determining if the pthread_create exist failed with the following output:
Change Dir: /home/anhle/serial/build/CMakeFiles/CMakeTmp

Run Build Command:"/usr/bin/make" "cmTC_10729/fast"
make[1]: Entering directory '/home/anhle/serial/build/CMakeFiles/CMakeTmp'
/usr/bin/make -f CMakeFiles/cmTC_10729.dir/build.make CMakeFiles/cmTC_10729.dir/build
make[2]: Entering directory '/home/anhle/serial/build/CMakeFiles/CMakeTmp'
Building C object CMakeFiles/cmTC_10729.dir/CheckSymbolExists.c.o
/usr/bin/cc    -o CMakeFiles/cmTC_10729.dir/CheckSymbolExists.c.o   -c /home/anhle/serial/build/CMakeFiles/CMakeTmp/CheckSymbolExists.c
Linking C executable cmTC_10729
/usr/bin/cmake -E cmake_link_script CMakeFiles/cmTC_10729.dir/link.txt --verbose=1
/usr/bin/cc      -rdynamic CMakeFiles/cmTC_10729.dir/CheckSymbolExists.c.o  -o cmTC_10729 
CMakeFiles/cmTC_10729.dir/CheckSymbolExists.c.o: In function `main':
CheckSymbolExists.c:(.text+0x1b): undefined reference to `pthread_create'
collect2: error: ld returned 1 exit status
CMakeFiles/cmTC_10729.dir/build.make:97: recipe for target 'cmTC_10729' failed
make[2]: *** [cmTC_10729] Error 1
make[2]: Leaving directory '/home/anhle/serial/build/CMakeFiles/CMakeTmp'
Makefile:126: recipe for target 'cmTC_10729/fast' failed
make[1]: *** [cmTC_10729/fast] Error 2
make[1]: Leaving directory '/home/anhle/serial/build/CMakeFiles/CMakeTmp'

File /home/anhle/serial/build/CMakeFiles/CMakeTmp/CheckSymbolExists.c:
/* */
#include <pthread.h>

int main(int argc, char** argv)
{
  (void)argv;
#ifndef pthread_create
  return ((int*)(&pthread_create))[argc];
#else
  (void)argc;
  return 0;
#endif
}

Determining if the function pthread_create exists in the pthreads failed with the following output:
Change Dir: /home/anhle/serial/build/CMakeFiles/CMakeTmp

Run Build Command:"/usr/bin/make" "cmTC_90731/fast"
make[1]: Entering directory '/home/anhle/serial/build/CMakeFiles/CMakeTmp'
/usr/bin/make -f CMakeFiles/cmTC_90731.dir/build.make CMakeFiles/cmTC_90731.dir/build
make[2]: Entering directory '/home/anhle/serial/build/CMakeFiles/CMakeTmp'
Building C object CMakeFiles/cmTC_90731.dir/CheckFunctionExists.c.o
/usr/bin/cc   -DCHECK_FUNCTION_EXISTS=pthread_create   -o CMakeFiles/cmTC_90731.dir/CheckFunctionExists.c.o   -c /usr/share/cmake-3.10/Modules/CheckFunctionExists.c
Linking C executable cmTC_90731
/usr/bin/cmake -E cmake_link_script CMakeFiles/cmTC_90731.dir/link.txt --verbose=1
/usr/bin/cc  -DCHECK_FUNCTION_EXISTS=pthread_create    -rdynamic CMakeFiles/cmTC_90731.dir/CheckFunctionExists.c.o  -o cmTC_90731 -lpthreads 
/usr/bin/ld: cannot find -lpthreads
collect2: error: ld returned 1 exit status
CMakeFiles/cmTC_90731.dir/build.make:97: recipe for target 'cmTC_90731' failed
make[2]: *** [cmTC_90731] Error 1
make[2]: Leaving directory '/home/anhle/serial/build/CMakeFiles/CMakeTmp'
Makefile:126: recipe for target 'cmTC_90731/fast' failed
make[1]: *** [cmTC_90731/fast] Error 2
make[1]: Leaving directory '/home/anhle/serial/build/CMakeFiles/CMakeTmp'


